# JRE version: Java(TM) SE Runtime Environment (8.0_202-b08) (build 1.8.0_202-b08)
# Java VM: Java HotSpot(TM) 64-Bit Server VM (25.202-b08 mixed mode windows-amd64 compressed oops)
Heap:
 PSYoungGen      total 183808K, used 150063K [0x00000000d5f00000, 0x00000000e3200000, 0x0000000100000000)
  eden space 153088K, 98% used [0x00000000d5f00000,0x00000000df18be68,0x00000000df480000)
  from space 30720K, 0% used [0x00000000e1300000,0x00000000e1300000,0x00000000e3100000)
  to   space 31232K, 0% used [0x00000000df480000,0x00000000df480000,0x00000000e1300000)
 ParOldGen       total 197120K, used 69330K [0x0000000081c00000, 0x000000008dc80000, 0x00000000d5f00000)
  object space 197120K, 35% used [0x0000000081c00000,0x0000000085fb4868,0x000000008dc80000)
 Metaspace       used 63444K, capacity 65369K, committed 65560K, reserved 1107968K
  class space    used 7492K, capacity 7909K, committed 7976K, reserved 1048576K
GC Heap History (10 events):
Event: 9.049 GC heap before
{Heap before GC invocations=11 (full 2):
 PSYoungGen      total 114688K, used 114663K [0x00000000d5f00000, 0x00000000def80000, 0x0000000100000000)
  eden space 93696K, 100% used [0x00000000d5f00000,0x00000000dba80000,0x00000000dba80000)
  from space 20992K, 99% used [0x00000000dd300000,0x00000000de779f40,0x00000000de780000)
  to   space 25088K, 0% used [0x00000000dba80000,0x00000000dba80000,0x00000000dd300000)
 ParOldGen       total 120832K, used 28027K [0x0000000081c00000, 0x0000000089200000, 0x00000000d5f00000)
  object space 120832K, 23% used [0x0000000081c00000,0x000000008375ef30,0x0000000089200000)
 Metaspace       used 53408K, capacity 54487K, committed 54696K, reserved 1097728K
  class space    used 6536K, capacity 6816K, committed 6824K, reserved 1048576K
Event: 9.076 GC heap after
Heap after GC invocations=11 (full 2):
 PSYoungGen      total 118784K, used 25079K [0x00000000d5f00000, 0x00000000e1000000, 0x0000000100000000)
  eden space 93696K, 0% used [0x00000000d5f00000,0x00000000d5f00000,0x00000000dba80000)
  from space 25088K, 99% used [0x00000000dba80000,0x00000000dd2fdc60,0x00000000dd300000)
  to   space 32768K, 0% used [0x00000000df000000,0x00000000df000000,0x00000000e1000000)
 ParOldGen       total 120832K, used 38617K [0x0000000081c00000, 0x0000000089200000, 0x00000000d5f00000)
  object space 120832K, 31% used [0x0000000081c00000,0x00000000841b6438,0x0000000089200000)
 Metaspace       used 53408K, capacity 54487K, committed 54696K, reserved 1097728K
  class space    used 6536K, capacity 6816K, committed 6824K, reserved 1048576K
}
Event: 9.355 GC heap before
{Heap before GC invocations=12 (full 2):
 PSYoungGen      total 118784K, used 118775K [0x00000000d5f00000, 0x00000000e1000000, 0x0000000100000000)
  eden space 93696K, 100% used [0x00000000d5f00000,0x00000000dba80000,0x00000000dba80000)
  from space 25088K, 99% used [0x00000000dba80000,0x00000000dd2fdc60,0x00000000dd300000)
  to   space 32768K, 0% used [0x00000000df000000,0x00000000df000000,0x00000000e1000000)
 ParOldGen       total 120832K, used 38617K [0x0000000081c00000, 0x0000000089200000, 0x00000000d5f00000)
  object space 120832K, 31% used [0x0000000081c00000,0x00000000841b6438,0x0000000089200000)
 Metaspace       used 53646K, capacity 54751K, committed 55080K, reserved 1097728K
  class space    used 6558K, capacity 6858K, committed 6952K, reserved 1048576K
Event: 9.380 GC heap after
Heap after GC invocations=12 (full 2):
 PSYoungGen      total 150016K, used 15956K [0x00000000d5f00000, 0x00000000e1600000, 0x0000000100000000)
  eden space 117248K, 0% used [0x00000000d5f00000,0x00000000d5f00000,0x00000000dd180000)
  from space 32768K, 48% used [0x00000000df000000,0x00000000dff951c0,0x00000000e1000000)
  to   space 31232K, 0% used [0x00000000dd180000,0x00000000dd180000,0x00000000df000000)
 ParOldGen       total 120832K, used 52172K [0x0000000081c00000, 0x0000000089200000, 0x00000000d5f00000)
  object space 120832K, 43% used [0x0000000081c00000,0x0000000084ef30d8,0x0000000089200000)
 Metaspace       used 53646K, capacity 54751K, committed 55080K, reserved 1097728K
  class space    used 6558K, capacity 6858K, committed 6952K, reserved 1048576K
}
Event: 11.130 GC heap before
{Heap before GC invocations=13 (full 2):
 PSYoungGen      total 150016K, used 133204K [0x00000000d5f00000, 0x00000000e1600000, 0x0000000100000000)
  eden space 117248K, 100% used [0x00000000d5f00000,0x00000000dd180000,0x00000000dd180000)
  from space 32768K, 48% used [0x00000000df000000,0x00000000dff951c0,0x00000000e1000000)
  to   space 31232K, 0% used [0x00000000dd180000,0x00000000dd180000,0x00000000df000000)
 ParOldGen       total 120832K, used 52172K [0x0000000081c00000, 0x0000000089200000, 0x00000000d5f00000)
  object space 120832K, 43% used [0x0000000081c00000,0x0000000084ef30d8,0x0000000089200000)
 Metaspace       used 57447K, capacity 58703K, committed 58920K, reserved 1101824K
  class space    used 6860K, capacity 7166K, committed 7208K, reserved 1048576K
Event: 11.152 GC heap after
Heap after GC invocations=13 (full 2):
 PSYoungGen      total 148480K, used 9542K [0x00000000d5f00000, 0x00000000e3100000, 0x0000000100000000)
  eden space 117248K, 0% used [0x00000000d5f00000,0x00000000d5f00000,0x00000000dd180000)
  from space 31232K, 30% used [0x00000000dd180000,0x00000000ddad1aa0,0x00000000df000000)
  to   space 30720K, 0% used [0x00000000e1300000,0x00000000e1300000,0x00000000e3100000)
 ParOldGen       total 120832K, used 67802K [0x0000000081c00000, 0x0000000089200000, 0x00000000d5f00000)
  object space 120832K, 56% used [0x0000000081c00000,0x0000000085e36860,0x0000000089200000)
 Metaspace       used 57447K, capacity 58703K, committed 58920K, reserved 1101824K
  class space    used 6860K, capacity 7166K, committed 7208K, reserved 1048576K
}
Event: 11.446 GC heap before
{Heap before GC invocations=14 (full 2):
 PSYoungGen      total 148480K, used 18889K [0x00000000d5f00000, 0x00000000e3100000, 0x0000000100000000)
  eden space 117248K, 7% used [0x00000000d5f00000,0x00000000d6820a30,0x00000000dd180000)
  from space 31232K, 30% used [0x00000000dd180000,0x00000000ddad1aa0,0x00000000df000000)
  to   space 30720K, 0% used [0x00000000e1300000,0x00000000e1300000,0x00000000e3100000)
 ParOldGen       total 120832K, used 67802K [0x0000000081c00000, 0x0000000089200000, 0x00000000d5f00000)
  object space 120832K, 56% used [0x0000000081c00000,0x0000000085e36860,0x0000000089200000)
 Metaspace       used 57861K, capacity 59157K, committed 59160K, reserved 1101824K
  class space    used 6899K, capacity 7207K, committed 7208K, reserved 1048576K
Event: 11.455 GC heap after
Heap after GC invocations=14 (full 2):
 PSYoungGen      total 183808K, used 1486K [0x00000000d5f00000, 0x00000000e3200000, 0x0000000100000000)
  eden space 153088K, 0% used [0x00000000d5f00000,0x00000000d5f00000,0x00000000df480000)
  from space 30720K, 4% used [0x00000000e1300000,0x00000000e1473bb8,0x00000000e3100000)
  to   space 31232K, 0% used [0x00000000df480000,0x00000000df480000,0x00000000e1300000)
 ParOldGen       total 120832K, used 74624K [0x0000000081c00000, 0x0000000089200000, 0x00000000d5f00000)
  object space 120832K, 61% used [0x0000000081c00000,0x00000000864e0248,0x0000000089200000)
 Metaspace       used 57861K, capacity 59157K, committed 59160K, reserved 1101824K
  class space    used 6899K, capacity 7207K, committed 7208K, reserved 1048576K
}
Event: 11.455 GC heap before
{Heap before GC invocations=15 (full 3):
 PSYoungGen      total 183808K, used 1486K [0x00000000d5f00000, 0x00000000e3200000, 0x0000000100000000)
  eden space 153088K, 0% used [0x00000000d5f00000,0x00000000d5f00000,0x00000000df480000)
  from space 30720K, 4% used [0x00000000e1300000,0x00000000e1473bb8,0x00000000e3100000)
  to   space 31232K, 0% used [0x00000000df480000,0x00000000df480000,0x00000000e1300000)
 ParOldGen       total 120832K, used 74624K [0x0000000081c00000, 0x0000000089200000, 0x00000000d5f00000)
  object space 120832K, 61% used [0x0000000081c00000,0x00000000864e0248,0x0000000089200000)
 Metaspace       used 57861K, capacity 59157K, committed 59160K, reserved 1101824K
  class space    used 6899K, capacity 7207K, committed 7208K, reserved 1048576K
Event: 11.749 GC heap after
Heap after GC invocations=15 (full 3):
 PSYoungGen      total 183808K, used 0K [0x00000000d5f00000, 0x00000000e3200000, 0x0000000100000000)
  eden space 153088K, 0% used [0x00000000d5f00000,0x00000000d5f00000,0x00000000df480000)
  from space 30720K, 0% used [0x00000000e1300000,0x00000000e1300000,0x00000000e3100000)
  to   space 31232K, 0% used [0x00000000df480000,0x00000000df480000,0x00000000e1300000)
 ParOldGen       total 197120K, used 69330K [0x0000000081c00000, 0x000000008dc80000, 0x00000000d5f00000)
  object space 197120K, 35% used [0x0000000081c00000,0x0000000085fb4868,0x000000008dc80000)
 Metaspace       used 57861K, capacity 59157K, committed 59160K, reserved 1101824K
  class space    used 6899K, capacity 7207K, committed 7208K, reserved 1048576K
}

